<?xml version="1.0" encoding="UTF-8"?>
<testsuite xmlns:xsi="http://www.w3.org/2001/XMLSchema-instance" xsi:noNamespaceSchemaLocation="https://maven.apache.org/surefire/maven-surefire-plugin/xsd/surefire-test-report.xsd" version="3.0.2" name="com.mtd.ecommerce_app.EcommerceAppApplicationTests" time="1.635" tests="1" errors="0" skipped="0" failures="0">
  <properties>
[...]
</properties>
  <testcase name="contextLoads" classname="com.mtd.ecommerce_app.EcommerceAppApplicationTests" time="0.355">
    <system-out><![CDATA[22:04:56.552 [main] INFO org.springframework.test.context.support.AnnotationConfigContextLoaderUtils -- Could not detect default configuration classes for test class [com.mtd.ecommerce_app.EcommerceAppApplicationTests]: EcommerceAppApplicationTests does not declare any static, non-private, non-final, nested classes annotated with @Configuration.
22:04:56.625 [main] INFO org.springframework.boot.test.context.SpringBootTestContextBootstrapper -- Found @SpringBootConfiguration com.mtd.ecommerce_app.EcommerceAppApplication for test class com.mtd.ecommerce_app.EcommerceAppApplicationTests
22:04:56.684 [main] INFO org.springframework.boot.devtools.restart.RestartApplicationListener -- Restart disabled due to context in which it is running

  .   ____          _            __ _ _
 /\\ / ___'_ __ _ _(_)_ __  __ _ \ \ \ \
( ( )\___ | '_ | '_| | '_ \/ _` | \ \ \ \
 \\/  ___)| |_)| | | | | || (_| |  ) ) ) )
  '  |____| .__|_| |_|_| |_\__, | / / / /
 =========|_|==============|___/=/_/_/_/

 :: Spring Boot ::                (v3.5.5)

2025-09-17T22:04:56.809+05:30  INFO 67798 --- [ecommerce-app] [           main] c.m.e.EcommerceAppApplicationTests       : Starting EcommerceAppApplicationTests using Java 23.0.2 with PID 67798 (started by swapnam in /Users/swapnam/Desktop/trainings/NIE/Ecom-NIE-main/server)
2025-09-17T22:04:56.810+05:30  INFO 67798 --- [ecommerce-app] [           main] c.m.e.EcommerceAppApplicationTests       : No active profile set, falling back to 1 default profile: "default"
2025-09-17T22:04:57.083+05:30  INFO 67798 --- [ecommerce-app] [           main] .s.d.r.c.RepositoryConfigurationDelegate : Bootstrapping Spring Data MongoDB repositories in DEFAULT mode.
2025-09-17T22:04:57.103+05:30  INFO 67798 --- [ecommerce-app] [           main] .s.d.r.c.RepositoryConfigurationDelegate : Finished Spring Data repository scanning in 17 ms. Found 3 MongoDB repository interfaces.
2025-09-17T22:04:57.335+05:30  INFO 67798 --- [ecommerce-app] [           main] org.mongodb.driver.client                : MongoClient with metadata {"driver": {"name": "mongo-java-driver|sync|spring-boot", "version": "5.5.1"}, "os": {"type": "Darwin", "name": "Mac OS X", "architecture": "aarch64", "version": "14.3.1"}, "platform": "Java/Homebrew/23.0.2"} created with settings MongoClientSettings{readPreference=primary, writeConcern=WriteConcern{w=majority, wTimeout=null ms, journal=null}, retryWrites=true, retryReads=true, readConcern=ReadConcern{level=null}, credential=MongoCredential{mechanism=null, userName='myuser', source='admin', password=<hidden>, mechanismProperties=<hidden>}, transportSettings=null, commandListeners=[], codecRegistry=ProvidersCodecRegistry{codecProviders=[ValueCodecProvider{}, BsonValueCodecProvider{}, DBRefCodecProvider{}, DBObjectCodecProvider{}, DocumentCodecProvider{}, CollectionCodecProvider{}, IterableCodecProvider{}, MapCodecProvider{}, GeoJsonCodecProvider{}, GridFSFileCodecProvider{}, Jsr310CodecProvider{}, JsonObjectCodecProvider{}, BsonCodecProvider{}, EnumCodecProvider{}, com.mongodb.client.model.mql.ExpressionCodecProvider@1376883, com.mongodb.Jep395RecordCodecProvider@1f736d00, com.mongodb.KotlinCodecProvider@523a7801]}, loggerSettings=LoggerSettings{maxDocumentLength=1000}, clusterSettings={hosts=[127.0.0.1:27017], srvHost=cluster0.4s8bswq.mongodb.net, srvServiceName=mongodb, mode=MULTIPLE, requiredClusterType=REPLICA_SET, requiredReplicaSetName='atlas-hw7c96-shard-0', serverSelector='null', clusterListeners='[]', serverSelectionTimeout='30000 ms', localThreshold='15 ms'}, socketSettings=SocketSettings{connectTimeoutMS=10000, readTimeoutMS=0, receiveBufferSize=0, proxySettings=ProxySettings{host=null, port=null, username=null, password=null}}, heartbeatSocketSettings=SocketSettings{connectTimeoutMS=10000, readTimeoutMS=10000, receiveBufferSize=0, proxySettings=ProxySettings{host=null, port=null, username=null, password=null}}, connectionPoolSettings=ConnectionPoolSettings{maxSize=100, minSize=0, maxWaitTimeMS=120000, maxConnectionLifeTimeMS=0, maxConnectionIdleTimeMS=0, maintenanceInitialDelayMS=0, maintenanceFrequencyMS=60000, connectionPoolListeners=[], maxConnecting=2}, serverSettings=ServerSettings{heartbeatFrequencyMS=10000, minHeartbeatFrequencyMS=500, serverMonitoringMode=AUTO, serverListeners='[]', serverMonitorListeners='[]'}, sslSettings=SslSettings{enabled=true, invalidHostNameAllowed=false, context=null}, applicationName='null', compressorList=[], uuidRepresentation=JAVA_LEGACY, serverApi=null, autoEncryptionSettings=null, dnsClient=null, inetAddressResolver=null, contextProvider=null, timeoutMS=null}
2025-09-17T22:04:57.394+05:30  INFO 67798 --- [ecommerce-app] [swq.mongodb.net] org.mongodb.driver.cluster               : Adding discovered server ac-tz5q17f-shard-00-01.4s8bswq.mongodb.net:27017 to client view of cluster
2025-09-17T22:04:57.403+05:30  INFO 67798 --- [ecommerce-app] [swq.mongodb.net] org.mongodb.driver.cluster               : Adding discovered server ac-tz5q17f-shard-00-00.4s8bswq.mongodb.net:27017 to client view of cluster
2025-09-17T22:04:57.404+05:30  INFO 67798 --- [ecommerce-app] [swq.mongodb.net] org.mongodb.driver.cluster               : Adding discovered server ac-tz5q17f-shard-00-02.4s8bswq.mongodb.net:27017 to client view of cluster
2025-09-17T22:04:57.597+05:30  INFO 67798 --- [ecommerce-app] [           main] o.s.v.b.OptionalValidatorFactoryBean     : Failed to set up a Bean Validation provider: jakarta.validation.NoProviderFoundException: Unable to create a Configuration, because no Jakarta Bean Validation provider could be found. Add a provider like Hibernate Validator (RI) to your classpath.
2025-09-17T22:04:57.765+05:30  INFO 67798 --- [ecommerce-app] [           main] c.m.e.EcommerceAppApplicationTests       : Started EcommerceAppApplicationTests in 1.085 seconds (process running for 1.491)
2025-09-17T22:04:57.928+05:30  INFO 67798 --- [ecommerce-app] [ngodb.net:27017] org.mongodb.driver.cluster               : Monitor thread successfully connected to server with description ServerDescription{address=ac-tz5q17f-shard-00-00.4s8bswq.mongodb.net:27017, type=REPLICA_SET_SECONDARY, cryptd=false, state=CONNECTED, ok=true, minWireVersion=0, maxWireVersion=25, maxDocumentSize=16777216, logicalSessionTimeoutMinutes=30, roundTripTimeNanos=299698708, minRoundTripTimeNanos=0, setName='atlas-hw7c96-shard-0', canonicalAddress=ac-tz5q17f-shard-00-00.4s8bswq.mongodb.net:27017, hosts=[ac-tz5q17f-shard-00-00.4s8bswq.mongodb.net:27017, ac-tz5q17f-shard-00-01.4s8bswq.mongodb.net:27017, ac-tz5q17f-shard-00-02.4s8bswq.mongodb.net:27017], passives=[], arbiters=[], primary='ac-tz5q17f-shard-00-01.4s8bswq.mongodb.net:27017', tagSet=TagSet{[Tag{name='availabilityZone', value='aps1-az1'}, Tag{name='diskState', value='READY'}, Tag{name='nodeType', value='ELECTABLE'}, Tag{name='provider', value='AWS'}, Tag{name='region', value='AP_SOUTH_1'}, Tag{name='workloadType', value='OPERATIONAL'}]}, electionId=null, setVersion=202, topologyVersion=TopologyVersion{processId=68c47ea02faf44b784615ca7, counter=4}, lastWriteDate=Wed Sep 17 22:04:57 IST 2025, lastUpdateTimeNanos=197793312547541}
2025-09-17T22:04:57.928+05:30  INFO 67798 --- [ecommerce-app] [ngodb.net:27017] org.mongodb.driver.cluster               : Monitor thread successfully connected to server with description ServerDescription{address=ac-tz5q17f-shard-00-01.4s8bswq.mongodb.net:27017, type=REPLICA_SET_PRIMARY, cryptd=false, state=CONNECTED, ok=true, minWireVersion=0, maxWireVersion=25, maxDocumentSize=16777216, logicalSessionTimeoutMinutes=30, roundTripTimeNanos=293889166, minRoundTripTimeNanos=0, setName='atlas-hw7c96-shard-0', canonicalAddress=ac-tz5q17f-shard-00-01.4s8bswq.mongodb.net:27017, hosts=[ac-tz5q17f-shard-00-00.4s8bswq.mongodb.net:27017, ac-tz5q17f-shard-00-01.4s8bswq.mongodb.net:27017, ac-tz5q17f-shard-00-02.4s8bswq.mongodb.net:27017], passives=[], arbiters=[], primary='ac-tz5q17f-shard-00-01.4s8bswq.mongodb.net:27017', tagSet=TagSet{[Tag{name='availabilityZone', value='aps1-az3'}, Tag{name='diskState', value='READY'}, Tag{name='nodeType', value='ELECTABLE'}, Tag{name='provider', value='AWS'}, Tag{name='region', value='AP_SOUTH_1'}, Tag{name='workloadType', value='OPERATIONAL'}]}, electionId=7fffffff000000000000021b, setVersion=202, topologyVersion=TopologyVersion{processId=68c481394361d86a0cb7f6e1, counter=6}, lastWriteDate=Wed Sep 17 22:04:57 IST 2025, lastUpdateTimeNanos=197793312547541}
2025-09-17T22:04:57.928+05:30  INFO 67798 --- [ecommerce-app] [ngodb.net:27017] org.mongodb.driver.cluster               : Monitor thread successfully connected to server with description ServerDescription{address=ac-tz5q17f-shard-00-02.4s8bswq.mongodb.net:27017, type=REPLICA_SET_SECONDARY, cryptd=false, state=CONNECTED, ok=true, minWireVersion=0, maxWireVersion=25, maxDocumentSize=16777216, logicalSessionTimeoutMinutes=30, roundTripTimeNanos=305026750, minRoundTripTimeNanos=0, setName='atlas-hw7c96-shard-0', canonicalAddress=ac-tz5q17f-shard-00-02.4s8bswq.mongodb.net:27017, hosts=[ac-tz5q17f-shard-00-00.4s8bswq.mongodb.net:27017, ac-tz5q17f-shard-00-01.4s8bswq.mongodb.net:27017, ac-tz5q17f-shard-00-02.4s8bswq.mongodb.net:27017], passives=[], arbiters=[], primary='ac-tz5q17f-shard-00-01.4s8bswq.mongodb.net:27017', tagSet=TagSet{[Tag{name='availabilityZone', value='aps1-az2'}, Tag{name='diskState', value='READY'}, Tag{name='nodeType', value='ELECTABLE'}, Tag{name='provider', value='AWS'}, Tag{name='region', value='AP_SOUTH_1'}, Tag{name='workloadType', value='OPERATIONAL'}]}, electionId=null, setVersion=202, topologyVersion=TopologyVersion{processId=68c4845195a122193c3f5e09, counter=3}, lastWriteDate=Wed Sep 17 22:04:57 IST 2025, lastUpdateTimeNanos=197793312578000}
2025-09-17T22:04:57.929+05:30  INFO 67798 --- [ecommerce-app] [ngodb.net:27017] org.mongodb.driver.cluster               : Discovered replica set primary ac-tz5q17f-shard-00-01.4s8bswq.mongodb.net:27017 with max election id 7fffffff000000000000021b and max set version 202
]]></system-out>
    <system-err><![CDATA[Mockito is currently self-attaching to enable the inline-mock-maker. This will no longer work in future releases of the JDK. Please add Mockito as an agent to your build as described in Mockito's documentation: https://javadoc.io/doc/org.mockito/mockito-core/latest/org.mockito/org/mockito/Mockito.html#0.3
WARNING: A Java agent has been loaded dynamically (/Users/swapnam/.m2/repository/net/bytebuddy/byte-buddy-agent/1.17.7/byte-buddy-agent-1.17.7.jar)
WARNING: If a serviceability tool is in use, please run with -XX:+EnableDynamicAgentLoading to hide this warning
WARNING: If a serviceability tool is not in use, please run with -Djdk.instrument.traceUsage for more information
WARNING: Dynamic loading of agents will be disallowed by default in a future release
]]></system-err>
  </testcase>
</testsuite>